<?xml version="1.0" encoding="UTF-8"?>
<!-- Generated by org.testng.reporters.JUnitReportReporter -->
<testsuite skipped="0" hostname="IBM272-R901870G" name="test.TacaasLogin" tests="1" failures="0" timestamp="10 sep 2018 10:07:40 GMT" time="11.750" errors="0">
  <testcase name="Login" time="11.750" classname="test.TacaasLogin"/>
</testsuite> <!-- test.TacaasLogin -->
